C:\TEMP\PRIME95.DEBUG32.PCH
C:\TEMP\PRIME95.DEBUG32.PDB
D:\Jasn_Files\work\projects\tools\p95v2810.source\prime95\.\Debug\prime95.exe.intermediate.manifest
D:\JASN_FILES\WORK\PROJECTS\TOOLS\P95V2810.SOURCE\PRIME95\DEBUG\CHILDFRM.OBJ
D:\Jasn_Files\work\projects\tools\p95v2810.source\prime95\Debug\cl.command.1.tlog
D:\Jasn_Files\work\projects\tools\p95v2810.source\prime95\Debug\CL.read.1.tlog
D:\Jasn_Files\work\projects\tools\p95v2810.source\prime95\Debug\CL.write.1.tlog
D:\JASN_FILES\WORK\PROJECTS\TOOLS\P95V2810.SOURCE\PRIME95\DEBUG\CPUDLG.OBJ
D:\Jasn_Files\work\projects\tools\p95v2810.source\prime95\Debug\custombuild.command.1.tlog
D:\Jasn_Files\work\projects\tools\p95v2810.source\prime95\Debug\custombuild.read.1.tlog
D:\Jasn_Files\work\projects\tools\p95v2810.source\prime95\Debug\custombuild.write.1.tlog
D:\JASN_FILES\WORK\PROJECTS\TOOLS\P95V2810.SOURCE\PRIME95\DEBUG\ECMDLG.OBJ
D:\JASN_FILES\WORK\PROJECTS\TOOLS\P95V2810.SOURCE\PRIME95\DEBUG\HYPERLINK.OBJ
D:\Jasn_Files\work\projects\tools\p95v2810.source\prime95\Debug\link.command.1.tlog
D:\Jasn_Files\work\projects\tools\p95v2810.source\prime95\Debug\link.read.1.tlog
D:\Jasn_Files\work\projects\tools\p95v2810.source\prime95\Debug\link.write.1.tlog
D:\Jasn_Files\work\projects\tools\p95v2810.source\prime95\Debug\link-cvtres.read.1.tlog
D:\Jasn_Files\work\projects\tools\p95v2810.source\prime95\Debug\link-cvtres.write.1.tlog
D:\JASN_FILES\WORK\PROJECTS\TOOLS\P95V2810.SOURCE\PRIME95\DEBUG\MAINFRM.OBJ
D:\JASN_FILES\WORK\PROJECTS\TOOLS\P95V2810.SOURCE\PRIME95\DEBUG\MANUALCOMMDLG.OBJ
D:\JASN_FILES\WORK\PROJECTS\TOOLS\P95V2810.SOURCE\PRIME95\DEBUG\PMINUS1DLG.OBJ
D:\JASN_FILES\WORK\PROJECTS\TOOLS\P95V2810.SOURCE\PRIME95\DEBUG\PREFERENCESDLG.OBJ
D:\JASN_FILES\WORK\PROJECTS\TOOLS\P95V2810.SOURCE\PRIME95\DEBUG\PRIME95.CHM
D:\Jasn_Files\work\projects\tools\p95v2810.source\prime95\Debug\prime95.exe.embed.manifest
D:\JASN_FILES\WORK\PROJECTS\TOOLS\P95V2810.SOURCE\PRIME95\DEBUG\PRIME95.EXE.EMBED.MANIFEST.RES
D:\Jasn_Files\work\projects\tools\p95v2810.source\prime95\Debug\prime95.exe.intermediate.manifest
D:\JASN_FILES\WORK\PROJECTS\TOOLS\P95V2810.SOURCE\PRIME95\DEBUG\PRIME95.OBJ
D:\JASN_FILES\WORK\PROJECTS\TOOLS\P95V2810.SOURCE\PRIME95\DEBUG\PRIME95.RES
D:\Jasn_Files\work\projects\tools\p95v2810.source\prime95\Debug\prime95.vcxprojResolveAssemblyReference.cache
D:\Jasn_Files\work\projects\tools\p95v2810.source\prime95\Debug\prime95.write.1.tlog
D:\Jasn_Files\work\projects\tools\p95v2810.source\prime95\Debug\prime95_manifest.rc
D:\JASN_FILES\WORK\PROJECTS\TOOLS\P95V2810.SOURCE\PRIME95\DEBUG\PRIME95DOC.OBJ
D:\JASN_FILES\WORK\PROJECTS\TOOLS\P95V2810.SOURCE\PRIME95\DEBUG\PRIME95VIEW.OBJ
D:\JASN_FILES\WORK\PROJECTS\TOOLS\P95V2810.SOURCE\PRIME95\DEBUG\PRIMENETDLG.OBJ
D:\Jasn_Files\work\projects\tools\p95v2810.source\prime95\Debug\rc.command.1.tlog
D:\Jasn_Files\work\projects\tools\p95v2810.source\prime95\Debug\rc.read.1.tlog
D:\Jasn_Files\work\projects\tools\p95v2810.source\prime95\Debug\rc.write.1.tlog
D:\JASN_FILES\WORK\PROJECTS\TOOLS\P95V2810.SOURCE\PRIME95\DEBUG\STARTDLG.OBJ
D:\JASN_FILES\WORK\PROJECTS\TOOLS\P95V2810.SOURCE\PRIME95\DEBUG\STDAFX.OBJ
D:\JASN_FILES\WORK\PROJECTS\TOOLS\P95V2810.SOURCE\PRIME95\DEBUG\STOPDLG.OBJ
D:\JASN_FILES\WORK\PROJECTS\TOOLS\P95V2810.SOURCE\PRIME95\DEBUG\TESTDLG.OBJ
D:\JASN_FILES\WORK\PROJECTS\TOOLS\P95V2810.SOURCE\PRIME95\DEBUG\TIMEDLG.OBJ
D:\JASN_FILES\WORK\PROJECTS\TOOLS\P95V2810.SOURCE\PRIME95\DEBUG\TORTUREDLG.OBJ
D:\JASN_FILES\WORK\PROJECTS\TOOLS\P95V2810.SOURCE\PRIME95\DEBUG\UNRESERVEDLG.OBJ
D:\JASN_FILES\WORK\PROJECTS\TOOLS\P95V2810.SOURCE\PRIME95\DEBUG\WELCOMEDLG.OBJ
D:\JASN_FILES\WORK\PROJECTS\TOOLS\P95V2810.SOURCE\PRIME95\DEBUG\WORKERDLG.OBJ
D:\JASN_FILES\WORK\PROJECTS\TOOLS\P95V2810.SOURCE\PRIME95\HLP\HTMLDEFINES.H
