C:\TEMP\PRIME95.RELEASE64.PCH
D:\Jasn_Files\work\projects\tools\p95v2810.source\prime95\amd64\Release\cl.command.1.tlog
D:\Jasn_Files\work\projects\tools\p95v2810.source\prime95\amd64\Release\CL.read.1.tlog
D:\Jasn_Files\work\projects\tools\p95v2810.source\prime95\amd64\Release\CL.write.1.tlog
D:\Jasn_Files\work\projects\tools\p95v2810.source\prime95\amd64\Release\custombuild.command.1.tlog
D:\Jasn_Files\work\projects\tools\p95v2810.source\prime95\amd64\Release\custombuild.read.1.tlog
D:\Jasn_Files\work\projects\tools\p95v2810.source\prime95\amd64\Release\custombuild.write.1.tlog
D:\JASN_FILES\WORK\PROJECTS\TOOLS\P95V2810.SOURCE\PRIME95\AMD64\RELEASE\PRIME95.CHM
D:\Jasn_Files\work\projects\tools\p95v2810.source\prime95\amd64\Release\prime95.write.1.tlog
D:\JASN_FILES\WORK\PROJECTS\TOOLS\P95V2810.SOURCE\PRIME95\HLP\HTMLDEFINES.H
D:\JASN_FILES\WORK\PROJECTS\TOOLS\P95V2810.SOURCE\PRIME95\X64\RELEASE\CHILDFRM.OBJ
D:\JASN_FILES\WORK\PROJECTS\TOOLS\P95V2810.SOURCE\PRIME95\X64\RELEASE\CPUDLG.OBJ
D:\JASN_FILES\WORK\PROJECTS\TOOLS\P95V2810.SOURCE\PRIME95\X64\RELEASE\ECMDLG.OBJ
D:\JASN_FILES\WORK\PROJECTS\TOOLS\P95V2810.SOURCE\PRIME95\X64\RELEASE\HYPERLINK.OBJ
D:\JASN_FILES\WORK\PROJECTS\TOOLS\P95V2810.SOURCE\PRIME95\X64\RELEASE\MAINFRM.OBJ
D:\JASN_FILES\WORK\PROJECTS\TOOLS\P95V2810.SOURCE\PRIME95\X64\RELEASE\MANUALCOMMDLG.OBJ
D:\JASN_FILES\WORK\PROJECTS\TOOLS\P95V2810.SOURCE\PRIME95\X64\RELEASE\PMINUS1DLG.OBJ
D:\JASN_FILES\WORK\PROJECTS\TOOLS\P95V2810.SOURCE\PRIME95\X64\RELEASE\PREFERENCESDLG.OBJ
D:\JASN_FILES\WORK\PROJECTS\TOOLS\P95V2810.SOURCE\PRIME95\X64\RELEASE\PRIME95.OBJ
D:\JASN_FILES\WORK\PROJECTS\TOOLS\P95V2810.SOURCE\PRIME95\X64\RELEASE\PRIME95VIEW.OBJ
D:\JASN_FILES\WORK\PROJECTS\TOOLS\P95V2810.SOURCE\PRIME95\X64\RELEASE\PRIMENETDLG.OBJ
D:\JASN_FILES\WORK\PROJECTS\TOOLS\P95V2810.SOURCE\PRIME95\X64\RELEASE\STARTDLG.OBJ
D:\JASN_FILES\WORK\PROJECTS\TOOLS\P95V2810.SOURCE\PRIME95\X64\RELEASE\STDAFX.OBJ
D:\JASN_FILES\WORK\PROJECTS\TOOLS\P95V2810.SOURCE\PRIME95\X64\RELEASE\STOPDLG.OBJ
D:\JASN_FILES\WORK\PROJECTS\TOOLS\P95V2810.SOURCE\PRIME95\X64\RELEASE\TESTDLG.OBJ
D:\JASN_FILES\WORK\PROJECTS\TOOLS\P95V2810.SOURCE\PRIME95\X64\RELEASE\TIMEDLG.OBJ
D:\JASN_FILES\WORK\PROJECTS\TOOLS\P95V2810.SOURCE\PRIME95\X64\RELEASE\TORTUREDLG.OBJ
D:\JASN_FILES\WORK\PROJECTS\TOOLS\P95V2810.SOURCE\PRIME95\X64\RELEASE\UNRESERVEDLG.OBJ
D:\JASN_FILES\WORK\PROJECTS\TOOLS\P95V2810.SOURCE\PRIME95\X64\RELEASE\WELCOMEDLG.OBJ
D:\JASN_FILES\WORK\PROJECTS\TOOLS\P95V2810.SOURCE\PRIME95\X64\RELEASE\WORKERDLG.OBJ
