C:\TEMP\PRIME95.DEBUG64.PCH
C:\TEMP\PRIME95.DEBUG64.PDB
D:\Jasn_Files\work\projects\tools\p95v2810.source\prime95\amd64\Debug\cl.command.1.tlog
D:\Jasn_Files\work\projects\tools\p95v2810.source\prime95\amd64\Debug\CL.read.1.tlog
D:\Jasn_Files\work\projects\tools\p95v2810.source\prime95\amd64\Debug\CL.write.1.tlog
D:\Jasn_Files\work\projects\tools\p95v2810.source\prime95\amd64\Debug\custombuild.command.1.tlog
D:\Jasn_Files\work\projects\tools\p95v2810.source\prime95\amd64\Debug\custombuild.read.1.tlog
D:\Jasn_Files\work\projects\tools\p95v2810.source\prime95\amd64\Debug\custombuild.write.1.tlog
D:\Jasn_Files\work\projects\tools\p95v2810.source\prime95\amd64\Debug\link.command.1.tlog
D:\Jasn_Files\work\projects\tools\p95v2810.source\prime95\amd64\Debug\link.read.1.tlog
D:\Jasn_Files\work\projects\tools\p95v2810.source\prime95\amd64\Debug\link.write.1.tlog
D:\Jasn_Files\work\projects\tools\p95v2810.source\prime95\amd64\Debug\link-cvtres.read.1.tlog
D:\Jasn_Files\work\projects\tools\p95v2810.source\prime95\amd64\Debug\link-cvtres.write.1.tlog
D:\Jasn_Files\work\projects\tools\p95v2810.source\prime95\amd64\Debug\mt.command.1.tlog
D:\Jasn_Files\work\projects\tools\p95v2810.source\prime95\amd64\Debug\mt.read.1.tlog
D:\Jasn_Files\work\projects\tools\p95v2810.source\prime95\amd64\Debug\mt.write.1.tlog
D:\JASN_FILES\WORK\PROJECTS\TOOLS\P95V2810.SOURCE\PRIME95\AMD64\DEBUG\PRIME95.CHM
D:\JASN_FILES\WORK\PROJECTS\TOOLS\P95V2810.SOURCE\PRIME95\AMD64\DEBUG\PRIME95.EXE.EMBED.MANIFEST
D:\JASN_FILES\WORK\PROJECTS\TOOLS\P95V2810.SOURCE\PRIME95\AMD64\DEBUG\PRIME95.EXE.EMBED.MANIFEST.RES
D:\JASN_FILES\WORK\PROJECTS\TOOLS\P95V2810.SOURCE\PRIME95\AMD64\DEBUG\PRIME95.EXE.INTERMEDIATE.MANIFEST
D:\JASN_FILES\WORK\PROJECTS\TOOLS\P95V2810.SOURCE\PRIME95\AMD64\DEBUG\PRIME95.RES
D:\Jasn_Files\work\projects\tools\p95v2810.source\prime95\amd64\Debug\prime95.vcxprojResolveAssemblyReference.cache
D:\Jasn_Files\work\projects\tools\p95v2810.source\prime95\amd64\Debug\prime95.write.1.tlog
D:\Jasn_Files\work\projects\tools\p95v2810.source\prime95\amd64\Debug\prime95_manifest.rc
D:\Jasn_Files\work\projects\tools\p95v2810.source\prime95\amd64\Debug\rc.command.1.tlog
D:\Jasn_Files\work\projects\tools\p95v2810.source\prime95\amd64\Debug\rc.read.1.tlog
D:\Jasn_Files\work\projects\tools\p95v2810.source\prime95\amd64\Debug\rc.write.1.tlog
D:\JASN_FILES\WORK\PROJECTS\TOOLS\P95V2810.SOURCE\PRIME95\HLP\HTMLDEFINES.H
D:\JASN_FILES\WORK\PROJECTS\TOOLS\P95V2810.SOURCE\PRIME95\X64\DEBUG\CHILDFRM.OBJ
D:\JASN_FILES\WORK\PROJECTS\TOOLS\P95V2810.SOURCE\PRIME95\X64\DEBUG\CPUDLG.OBJ
D:\JASN_FILES\WORK\PROJECTS\TOOLS\P95V2810.SOURCE\PRIME95\X64\DEBUG\ECMDLG.OBJ
D:\JASN_FILES\WORK\PROJECTS\TOOLS\P95V2810.SOURCE\PRIME95\X64\DEBUG\HYPERLINK.OBJ
D:\JASN_FILES\WORK\PROJECTS\TOOLS\P95V2810.SOURCE\PRIME95\X64\DEBUG\MAINFRM.OBJ
D:\JASN_FILES\WORK\PROJECTS\TOOLS\P95V2810.SOURCE\PRIME95\X64\DEBUG\MANUALCOMMDLG.OBJ
D:\JASN_FILES\WORK\PROJECTS\TOOLS\P95V2810.SOURCE\PRIME95\X64\DEBUG\PMINUS1DLG.OBJ
D:\JASN_FILES\WORK\PROJECTS\TOOLS\P95V2810.SOURCE\PRIME95\X64\DEBUG\PREFERENCESDLG.OBJ
D:\JASN_FILES\WORK\PROJECTS\TOOLS\P95V2810.SOURCE\PRIME95\X64\DEBUG\PRIME95.EXE
D:\JASN_FILES\WORK\PROJECTS\TOOLS\P95V2810.SOURCE\PRIME95\X64\DEBUG\PRIME95.ILK
D:\JASN_FILES\WORK\PROJECTS\TOOLS\P95V2810.SOURCE\PRIME95\X64\DEBUG\PRIME95.OBJ
D:\JASN_FILES\WORK\PROJECTS\TOOLS\P95V2810.SOURCE\PRIME95\X64\DEBUG\PRIME95.PDB
D:\JASN_FILES\WORK\PROJECTS\TOOLS\P95V2810.SOURCE\PRIME95\X64\DEBUG\PRIME95DOC.OBJ
D:\JASN_FILES\WORK\PROJECTS\TOOLS\P95V2810.SOURCE\PRIME95\X64\DEBUG\PRIME95VIEW.OBJ
D:\JASN_FILES\WORK\PROJECTS\TOOLS\P95V2810.SOURCE\PRIME95\X64\DEBUG\PRIMENETDLG.OBJ
D:\JASN_FILES\WORK\PROJECTS\TOOLS\P95V2810.SOURCE\PRIME95\X64\DEBUG\STARTDLG.OBJ
D:\JASN_FILES\WORK\PROJECTS\TOOLS\P95V2810.SOURCE\PRIME95\X64\DEBUG\STDAFX.OBJ
D:\JASN_FILES\WORK\PROJECTS\TOOLS\P95V2810.SOURCE\PRIME95\X64\DEBUG\STOPDLG.OBJ
D:\JASN_FILES\WORK\PROJECTS\TOOLS\P95V2810.SOURCE\PRIME95\X64\DEBUG\TESTDLG.OBJ
D:\JASN_FILES\WORK\PROJECTS\TOOLS\P95V2810.SOURCE\PRIME95\X64\DEBUG\TIMEDLG.OBJ
D:\JASN_FILES\WORK\PROJECTS\TOOLS\P95V2810.SOURCE\PRIME95\X64\DEBUG\TORTUREDLG.OBJ
D:\JASN_FILES\WORK\PROJECTS\TOOLS\P95V2810.SOURCE\PRIME95\X64\DEBUG\UNRESERVEDLG.OBJ
D:\JASN_FILES\WORK\PROJECTS\TOOLS\P95V2810.SOURCE\PRIME95\X64\DEBUG\WELCOMEDLG.OBJ
D:\JASN_FILES\WORK\PROJECTS\TOOLS\P95V2810.SOURCE\PRIME95\X64\DEBUG\WORKERDLG.OBJ
