Build started 2017/11/17 14:18:02.
     1>Project "D:\Jasn_Files\work\projects\tools\p95v2810.source\prime95\prime95.vcxproj" on node 2 (build target(s)).
     1>InitializeBuildStatus:
         Creating "amd64\Debug\prime95.unsuccessfulbuild" because "AlwaysCreate" was specified.
       CustomBuild:
         All outputs are up-to-date.
       ClCompile:
         All outputs are up-to-date.
         C:\Program Files (x86)\Microsoft Visual Studio 10.0\VC\bin\x86_amd64\CL.exe /c /I.. /I..\gwnum /Zi /nologo /W3 /WX- /Od /D WIN32 /D _DEBUG /D _WINDOWS /D GDEBUG /D ADD_UNDERSCORES /D _CRT_SECURE_NO_DEPRECATE /D _MBCS /Gm- /EHsc /RTC1 /MTd /GS /fp:precise /Zc:wchar_t /Zc:forScope /Yu"StdAfx.h" /Fp"c:\temp\prime95.debug64.pch" /Fo".\x64\Debug/" /Fd"c:\temp\prime95.debug64.pdb" /Gd /TP /errorReport:prompt Prime95Doc.cpp
         Prime95Doc.cpp
       ResourceCompile:
         All outputs are up-to-date.
       ManifestResourceCompile:
         All outputs are up-to-date.
       Link:
         C:\Program Files (x86)\Microsoft Visual Studio 10.0\VC\bin\x86_amd64\link.exe /ERRORREPORT:PROMPT /OUT:".\x64\Debug/prime95.exe" /INCREMENTAL /NOLOGO amd64\factor64.obj amd64\service.obj ..\gwnum\gwnum64d.lib wininet.lib libcurl.lib "libgmp-10.lib" libhwloc.lib /NODEFAULTLIB:libcmt.lib /MANIFEST /ManifestFile:"amd64\Debug\prime95.exe.intermediate.manifest" /MANIFESTUAC:"level='asInvoker' uiAccess='false'" /DEBUG /PDB:".\x64\Debug/prime95.pdb" /SUBSYSTEM:WINDOWS /LARGEADDRESSAWARE /TLBID:1 /ENTRY:"MyWinMainCRTStartup" /DYNAMICBASE /NXCOMPAT /IMPLIB:".\x64\Debug\prime95.lib" /MACHINE:X64 amd64\Debug\Prime95.res
         amd64\Debug\prime95.exe.embed.manifest.res
         .\x64\Debug/ChildFrm.obj
         .\x64\Debug/CpuDlg.obj
         .\x64\Debug/EcmDlg.obj
         .\x64\Debug/HyperLink.obj
         .\x64\Debug/MainFrm.obj
         .\x64\Debug/ManualCommDlg.obj
         .\x64\Debug/Pminus1Dlg.obj
         .\x64\Debug/PreferencesDlg.obj
         .\x64\Debug/Prime95.obj
         .\x64\Debug/Prime95Doc.obj
         .\x64\Debug/Prime95View.obj
         .\x64\Debug/PrimenetDlg.obj
         .\x64\Debug/StartDlg.obj
         .\x64\Debug/StdAfx.obj
         .\x64\Debug/StopDlg.obj
         .\x64\Debug/TestDlg.obj
         .\x64\Debug/TimeDlg.obj
         .\x64\Debug/TortureDlg.obj
         .\x64\Debug/UnreserveDlg.obj
         .\x64\Debug/WelcomeDlg.obj
         .\x64\Debug/WorkerDlg.obj
         prime95.vcxproj -> D:\Jasn_Files\work\projects\tools\p95v2810.source\prime95\.\x64\Debug\prime95.exe
       Manifest:
         C:\Program Files (x86)\Microsoft SDKs\Windows\v7.0A\bin\mt.exe /nologo /verbose /out:"amd64\Debug\prime95.exe.embed.manifest" /manifest amd64\Debug\prime95.exe.intermediate.manifest "C:\Program Files (x86)\Microsoft Visual Studio 10.0\VC\Include\Manifest\dpiaware.manifest"
         All outputs are up-to-date.
       LinkEmbedManifest:
         All outputs are up-to-date.
         prime95.vcxproj -> D:\Jasn_Files\work\projects\tools\p95v2810.source\prime95\.\x64\Debug\prime95.exe
       FinalizeBuildStatus:
         Deleting file "amd64\Debug\prime95.unsuccessfulbuild".
         Touching "amd64\Debug\prime95.lastbuildstate".
     1>Done Building Project "D:\Jasn_Files\work\projects\tools\p95v2810.source\prime95\prime95.vcxproj" (build target(s)).

Build succeeded.

Time Elapsed 00:00:07.90
